Arguments: 
  /usr/local/bin/node /usr/local/bin/yarn build

PATH: 
  /usr/local/bin:/usr/bin:/bin:/usr/sbin:/sbin:/Users/admin/Library/Android/sdk/tools:/Users/admin/Library/Android/sdk/platform-tools:/usr/local/Cellar/gradle/4.0.1/bin:/Users/admin/Code/work/weekly-report/scripts:/Users/admin/.rvm/bin:/Users/admin/Library/Android/sdk/tools:/Users/admin/Library/Android/sdk/platform-tools:/usr/local/Cellar/gradle/4.0.1/bin:/Users/admin/Code/work/weekly-report/scripts

Yarn version: 
  1.17.3

Node version: 
  12.17.0

Platform: 
  darwin x64

Trace: 
  SyntaxError: /Users/admin/Code/work/icons/package.json: Unexpected token } in JSON at position 220
      at JSON.parse (<anonymous>)
      at /usr/local/lib/node_modules/yarn/lib/cli.js:1625:59
      at Generator.next (<anonymous>)
      at step (/usr/local/lib/node_modules/yarn/lib/cli.js:304:30)
      at /usr/local/lib/node_modules/yarn/lib/cli.js:315:13

npm manifest: 
  {
    "name": "creicons",
    "version": "1.0.0",
    "description": "Create react or react-native icon components by SVG.",
    "main": "index.js",
    "scripts": {
      "build": "node ./scripts/build doc -i ./src -o ./icons2",
    },
    "repository": {
      "type": "git",
      "url": "git@gitlab.innotechx.com:shm/common/icons.git"
    },
    "author": "",
    "license": "ISC",
    "devDependencies": {
      "svgo": "^1.3.2",
      "del-cli": "^3.0.1",
      "typescript": "^3.9.5"
    },
    "dependencies": {
      "cheerio": "^1.0.0-rc.3",
      "fs-extra": "^9.0.1",
      "globby": "^11.0.1",
      "yargs": "^15.4.1"
    }
  }

yarn manifest: 
  No manifest

Lockfile: 
  No lockfile
